Arguments: 
  C:\Program Files\nodejs\node.exe C:\Users\LG\AppData\Roaming\npm\node_modules\yarn\bin\yarn.js dev

PATH: 
  C:\Python38\Scripts\;C:\Python38\;D:\client\LG\product\12.2.0\client_1\bin;C:\Program Files (x86)\Common Files\NetSarang;C:\Program Files (x86)\Intel\iCLS Client\;C:\Program Files\Intel\iCLS Client\;C:\Windows\system32;C:\Windows;C:\Windows\System32\Wbem;C:\Windows\System32\WindowsPowerShell\v1.0\;C:\Windows\System32\OpenSSH\;C:\Program Files (x86)\Intel\Intel(R) Management Engine Components\DAL;C:\Program Files\Intel\Intel(R) Management Engine Components\DAL;C:\Program Files (x86)\Intel\Intel(R) Management Engine Components\IPT;C:\Program Files\Intel\Intel(R) Management Engine Components\IPT;C:\Program Files (x86)\SecureCRT\;C:\Program Files\nodejs\;C:\ProgramData\chocolatey\bin;C:\Program Files\Git\cmd;C:\Users\LG\AppData\Local\Microsoft\WindowsApps;C:\Program Files\Bandizip\;C:\Users\LG\AppData\Roaming\npm;C:\Users\LG\AppData\Local\Programs\Microsoft VS Code\bin

Yarn version: 
  1.21.1

Node version: 
  13.7.0

Platform: 
  win32 x64

Trace: 
  SyntaxError: C:\React Project\management\package.json: Unexpected token } in JSON at position 431
      at JSON.parse (<anonymous>)
      at C:\Users\LG\AppData\Roaming\npm\node_modules\yarn\lib\cli.js:1625:59
      at Generator.next (<anonymous>)
      at step (C:\Users\LG\AppData\Roaming\npm\node_modules\yarn\lib\cli.js:310:30)
      at C:\Users\LG\AppData\Roaming\npm\node_modules\yarn\lib\cli.js:321:13

npm manifest: 
  {
      "name": "management",
      "version": "1.0.0",
      "scripts": {
          "client": "cd client && yarn start",
          "server": "nodemon server.js",
          "dev": "concurrently --kill-others-on-fail \"yarn server\" \"yarn client\""
      },
      "dependencies": {
          "body-parser": "^1.19.0",
          "express": "^4.17.1",
          "nodemon": "^2.0.2"
      },
      "devDependencies": {
          "concurrently": "^4.0.1"
      },
   }

yarn manifest: 
  No manifest

Lockfile: 
  No lockfile
